<?xml version="1.0" encoding="UTF-8"?>
<!-- Generated by org.testng.reporters.JUnitReportReporter -->
<testsuite hostname="LAPTOP-5SVFBQN8" failures="0" tests="1" name="sachinbhandary.Tests.CartPageFunctionalityTest" time="22.415" errors="0" timestamp="2022-11-20T21:07:25 GMT" skipped="0">
  <testcase classname="sachinbhandary.Tests.CartPageFunctionalityTest" name="RemoveAllItemsFromCart" time="22.415"/>
  <system-out/>
</testsuite> <!-- sachinbhandary.Tests.CartPageFunctionalityTest -->
