<?xml version="1.0" encoding="UTF-8"?>
<!-- Generated by org.testng.reporters.JUnitReportReporter -->
<testsuite hostname="LAPTOP-5SVFBQN8" failures="0" tests="1" name="sachinbhandary.Tests.PurchaseOrderTest" time="9.169" errors="0" timestamp="2022-11-20T21:06:07 GMT" skipped="0">
  <testcase classname="sachinbhandary.Tests.PurchaseOrderTest" name="PurchaseOrder" time="9.169"/>
  <system-out/>
</testsuite> <!-- sachinbhandary.Tests.PurchaseOrderTest -->
