<?xml version="1.0" encoding="UTF-8"?>
<!-- Generated by org.testng.reporters.JUnitReportReporter -->
<testsuite hostname="LAPTOP-5SVFBQN8" failures="0" tests="1" name="sachinbhandary.Tests.PurchasePageFunctionalityTest" time="32.317" errors="0" timestamp="2022-11-19T17:56:39 GMT" skipped="0">
  <testcase classname="sachinbhandary.Tests.PurchasePageFunctionalityTest" name="VerifyRemoveButton" time="32.317"/>
  <system-out/>
</testsuite> <!-- sachinbhandary.Tests.PurchasePageFunctionalityTest -->
