<?xml version="1.0" encoding="UTF-8"?>
<!-- Generated by org.testng.reporters.JUnitReportReporter -->
<testsuite hostname="LAPTOP-5SVFBQN8" failures="0" tests="3" name="sachinbhandary.Tests.ProductPageFunctionalityTest" time="45.494" errors="0" timestamp="2022-11-20T21:07:25 GMT" skipped="0">
  <testcase classname="sachinbhandary.Tests.ProductPageFunctionalityTest" name="RemoveAllItemsFromCart" time="21.176"/>
  <system-out/>
  <testcase classname="sachinbhandary.Tests.ProductPageFunctionalityTest" name="AddAllItemsToCart" time="8.924"/>
  <system-out/>
  <testcase classname="sachinbhandary.Tests.ProductPageFunctionalityTest" name="VerifyRemoveButton" time="15.394"/>
  <system-out/>
</testsuite> <!-- sachinbhandary.Tests.ProductPageFunctionalityTest -->
