<?xml version="1.0" encoding="UTF-8"?>
<!-- Generated by org.testng.reporters.JUnitReportReporter -->
<testsuite hostname="LAPTOP-5SVFBQN8" failures="0" tests="3" name="sachinbhandary.Tests.CartPageFuntionality" time="29.931" errors="0" timestamp="2022-11-19T17:06:19 GMT" skipped="0">
  <testcase classname="sachinbhandary.Tests.CartPageFuntionality" name="RefreshCartTest" time="7.884"/>
  <system-out/>
  <testcase classname="sachinbhandary.Tests.CartPageFuntionality" name="VerifyRemoveButton" time="15.253"/>
  <system-out/>
  <testcase classname="sachinbhandary.Tests.CartPageFuntionality" name="LogoutAndVerifyCartProduct" time="6.794"/>
  <system-out/>
</testsuite> <!-- sachinbhandary.Tests.CartPageFuntionality -->
