<?xml version="1.0" encoding="UTF-8"?>
<!-- Generated by org.testng.reporters.JUnitReportReporter -->
<testsuite hostname="LAPTOP-5SVFBQN8" failures="0" tests="3" name="sachinbhandary.Tests.ErrorValidationTest" time="13.057" errors="0" timestamp="2022-11-20T21:06:31 GMT" skipped="0">
  <testcase classname="sachinbhandary.Tests.ErrorValidationTest" name="LoginWongUsernameErrorValidation" time="5.200"/>
  <system-out/>
  <testcase classname="sachinbhandary.Tests.ErrorValidationTest" name="ProductErrorValidation" time="4.189"/>
  <system-out/>
  <testcase classname="sachinbhandary.Tests.ErrorValidationTest" name="LoginWrongPasswordErrorValidation" time="3.668"/>
  <system-out/>
</testsuite> <!-- sachinbhandary.Tests.ErrorValidationTest -->
