<?xml version="1.0" encoding="UTF-8"?>
<!-- Generated by org.testng.reporters.JUnitReportReporter -->
<testsuite hostname="LAPTOP-5SVFBQN8" failures="0" tests="1" name="sachinbhandary.Tests.PurchasePageFunctionality" time="17.552" errors="0" timestamp="2022-11-19T16:57:56 GMT" skipped="0">
  <testcase classname="sachinbhandary.Tests.PurchasePageFunctionality" name="VerifyRemoveButton" time="17.552"/>
  <system-out/>
</testsuite> <!-- sachinbhandary.Tests.PurchasePageFunctionality -->
